<?xml version="1.0" encoding="UTF-8"?>
<!-- Generated by org.testng.reporters.JUnitReportReporter -->
<testsuite hostname="DESKTOP-0I8AHN0" failures="0" tests="4" name="com.juaracoding.pageobject.TestRunnerOne" time="77.533" errors="0" timestamp="2022-09-02T12:43:45 WIB" skipped="0">
  <testcase classname="com.juaracoding.pageobject.TestRunnerOne" name="runScenario" time="56.051"/>
  <system-out/>
  <testcase classname="com.juaracoding.pageobject.TestRunnerOne" name="runScenario" time="2.894"/>
  <system-out/>
  <testcase classname="com.juaracoding.pageobject.TestRunnerOne" name="runScenario" time="10.249"/>
  <system-out/>
  <testcase classname="com.juaracoding.pageobject.TestRunnerOne" name="runScenario" time="8.339"/>
  <system-out/>
</testsuite> <!-- com.juaracoding.pageobject.TestRunnerOne -->
